<?xml version="1.0" encoding="UTF-8"?>
<testng-results skipped="0" failed="1" total="2" passed="1">
  <reporter-output>
  </reporter-output>
  <suite name="Suite" duration-ms="25465" started-at="2019-03-25T19:51:18Z" finished-at="2019-03-25T19:51:44Z">
    <groups>
    </groups>
    <test name="Test" duration-ms="25465" started-at="2019-03-25T19:51:18Z" finished-at="2019-03-25T19:51:44Z">
      <class name="TestNgConcept.Assert">
        <test-method status="PASS" signature="setUp()[pri:0, instance:TestNgConcept.Assert@4667ae56]" name="setUp" is-config="true" duration-ms="12586" started-at="2019-03-26T01:21:18Z" finished-at="2019-03-26T01:21:31Z">
          <reporter-output>
          </reporter-output>
        </test-method> <!-- setUp -->
        <test-method status="FAIL" signature="googleTitleTest()[pri:0, instance:TestNgConcept.Assert@4667ae56]" name="googleTitleTest" duration-ms="34" started-at="2019-03-26T01:21:31Z" finished-at="2019-03-26T01:21:31Z">
          <exception class="java.lang.AssertionError">
            <message>
              <![CDATA[itle is not matched expected [Google123] but found [Google]]]>
            </message>
            <full-stacktrace>
              <![CDATA[java.lang.AssertionError: itle is not matched expected [Google123] but found [Google]
	at org.testng.Assert.fail(Assert.java:94)
	at org.testng.Assert.failNotEquals(Assert.java:494)
	at org.testng.Assert.assertEquals(Assert.java:123)
	at org.testng.Assert.assertEquals(Assert.java:176)
	at TestNgConcept.Assert.googleTitleTest(Assert.java:43)
	at sun.reflect.NativeMethodAccessorImpl.invoke0(Native Method)
	at sun.reflect.NativeMethodAccessorImpl.invoke(Unknown Source)
	at sun.reflect.DelegatingMethodAccessorImpl.invoke(Unknown Source)
	at java.lang.reflect.Method.invoke(Unknown Source)
	at org.testng.internal.MethodInvocationHelper.invokeMethod(MethodInvocationHelper.java:80)
	at org.testng.internal.Invoker.invokeMethod(Invoker.java:714)
	at org.testng.internal.Invoker.invokeTestMethod(Invoker.java:901)
	at org.testng.internal.Invoker.invokeTestMethods(Invoker.java:1231)
	at org.testng.internal.TestMethodWorker.invokeTestMethods(TestMethodWorker.java:127)
	at org.testng.internal.TestMethodWorker.run(TestMethodWorker.java:111)
	at org.testng.TestRunner.privateRun(TestRunner.java:767)
	at org.testng.TestRunner.run(TestRunner.java:617)
	at org.testng.SuiteRunner.runTest(SuiteRunner.java:334)
	at org.testng.SuiteRunner.runSequentially(SuiteRunner.java:329)
	at org.testng.SuiteRunner.privateRun(SuiteRunner.java:291)
	at org.testng.SuiteRunner.run(SuiteRunner.java:240)
	at org.testng.SuiteRunnerWorker.runSuite(SuiteRunnerWorker.java:52)
	at org.testng.SuiteRunnerWorker.run(SuiteRunnerWorker.java:86)
	at org.testng.TestNG.runSuitesSequentially(TestNG.java:1198)
	at org.testng.TestNG.runSuitesLocally(TestNG.java:1123)
	at org.testng.TestNG.run(TestNG.java:1031)
	at org.testng.remote.AbstractRemoteTestNG.run(AbstractRemoteTestNG.java:114)
	at org.testng.remote.RemoteTestNG.initAndRun(RemoteTestNG.java:251)
	at org.testng.remote.RemoteTestNG.main(RemoteTestNG.java:77)
]]>
            </full-stacktrace>
          </exception> <!-- java.lang.AssertionError -->
          <reporter-output>
          </reporter-output>
        </test-method> <!-- googleTitleTest -->
        <test-method status="PASS" signature="tearDown()[pri:0, instance:TestNgConcept.Assert@4667ae56]" name="tearDown" is-config="true" duration-ms="1220" started-at="2019-03-26T01:21:31Z" finished-at="2019-03-26T01:21:32Z">
          <reporter-output>
          </reporter-output>
        </test-method> <!-- tearDown -->
        <test-method status="PASS" signature="setUp()[pri:0, instance:TestNgConcept.Assert@4667ae56]" name="setUp" is-config="true" duration-ms="10582" started-at="2019-03-26T01:21:32Z" finished-at="2019-03-26T01:21:43Z">
          <reporter-output>
          </reporter-output>
        </test-method> <!-- setUp -->
        <test-method status="PASS" signature="logoTest()[pri:0, instance:TestNgConcept.Assert@4667ae56]" name="logoTest" duration-ms="125" started-at="2019-03-26T01:21:43Z" finished-at="2019-03-26T01:21:43Z">
          <reporter-output>
          </reporter-output>
        </test-method> <!-- logoTest -->
        <test-method status="PASS" signature="tearDown()[pri:0, instance:TestNgConcept.Assert@4667ae56]" name="tearDown" is-config="true" duration-ms="875" started-at="2019-03-26T01:21:43Z" finished-at="2019-03-26T01:21:44Z">
          <reporter-output>
          </reporter-output>
        </test-method> <!-- tearDown -->
      </class> <!-- TestNgConcept.Assert -->
    </test> <!-- Test -->
  </suite> <!-- Suite -->
</testng-results>
